Detecting C [-std=c11] compiler features failed to compile with the following output:
Change Dir: /home/vasutornj/catkin_ws/src/auvng_pressure_sensor/build/CMakeFiles/CMakeTmp

Run Build Command:"/usr/bin/make" "cmTC_e6576/fast"
/usr/bin/make -f CMakeFiles/cmTC_e6576.dir/build.make CMakeFiles/cmTC_e6576.dir/build
make[1]: Entering directory '/home/vasutornj/catkin_ws/src/auvng_pressure_sensor/build/CMakeFiles/CMakeTmp'
Building C object CMakeFiles/cmTC_e6576.dir/feature_tests.c.o
/usr/bin/c99-gcc   -std=c11 -o CMakeFiles/cmTC_e6576.dir/feature_tests.c.o   -c /home/vasutornj/catkin_ws/src/auvng_pressure_sensor/build/CMakeFiles/feature_tests.c
c99-gcc called with non ISO C99 option -std=c11
CMakeFiles/cmTC_e6576.dir/build.make:65: recipe for target 'CMakeFiles/cmTC_e6576.dir/feature_tests.c.o' failed
make[1]: *** [CMakeFiles/cmTC_e6576.dir/feature_tests.c.o] Error 1
make[1]: Leaving directory '/home/vasutornj/catkin_ws/src/auvng_pressure_sensor/build/CMakeFiles/CMakeTmp'
Makefile:126: recipe for target 'cmTC_e6576/fast' failed
make: *** [cmTC_e6576/fast] Error 2



Determining if the pthread_create exist failed with the following output:
Change Dir: /home/vasutornj/catkin_ws/src/auvng_pressure_sensor/build/CMakeFiles/CMakeTmp

Run Build Command:"/usr/bin/make" "cmTC_04fd1/fast"
/usr/bin/make -f CMakeFiles/cmTC_04fd1.dir/build.make CMakeFiles/cmTC_04fd1.dir/build
make[1]: Entering directory '/home/vasutornj/catkin_ws/src/auvng_pressure_sensor/build/CMakeFiles/CMakeTmp'
Building C object CMakeFiles/cmTC_04fd1.dir/CheckSymbolExists.c.o
/usr/bin/c99-gcc    -o CMakeFiles/cmTC_04fd1.dir/CheckSymbolExists.c.o   -c /home/vasutornj/catkin_ws/src/auvng_pressure_sensor/build/CMakeFiles/CMakeTmp/CheckSymbolExists.c
Linking C executable cmTC_04fd1
/usr/bin/cmake -E cmake_link_script CMakeFiles/cmTC_04fd1.dir/link.txt --verbose=1
/usr/bin/c99-gcc      -rdynamic CMakeFiles/cmTC_04fd1.dir/CheckSymbolExists.c.o  -o cmTC_04fd1 
CMakeFiles/cmTC_04fd1.dir/CheckSymbolExists.c.o: In function `main':
CheckSymbolExists.c:(.text+0x1b): undefined reference to `pthread_create'
collect2: error: ld returned 1 exit status
CMakeFiles/cmTC_04fd1.dir/build.make:97: recipe for target 'cmTC_04fd1' failed
make[1]: *** [cmTC_04fd1] Error 1
make[1]: Leaving directory '/home/vasutornj/catkin_ws/src/auvng_pressure_sensor/build/CMakeFiles/CMakeTmp'
Makefile:126: recipe for target 'cmTC_04fd1/fast' failed
make: *** [cmTC_04fd1/fast] Error 2

File /home/vasutornj/catkin_ws/src/auvng_pressure_sensor/build/CMakeFiles/CMakeTmp/CheckSymbolExists.c:
/* */
#include <pthread.h>

int main(int argc, char** argv)
{
  (void)argv;
#ifndef pthread_create
  return ((int*)(&pthread_create))[argc];
#else
  (void)argc;
  return 0;
#endif
}

Determining if the function pthread_create exists in the pthreads failed with the following output:
Change Dir: /home/vasutornj/catkin_ws/src/auvng_pressure_sensor/build/CMakeFiles/CMakeTmp

Run Build Command:"/usr/bin/make" "cmTC_ce7a9/fast"
/usr/bin/make -f CMakeFiles/cmTC_ce7a9.dir/build.make CMakeFiles/cmTC_ce7a9.dir/build
make[1]: Entering directory '/home/vasutornj/catkin_ws/src/auvng_pressure_sensor/build/CMakeFiles/CMakeTmp'
Building C object CMakeFiles/cmTC_ce7a9.dir/CheckFunctionExists.c.o
/usr/bin/c99-gcc   -DCHECK_FUNCTION_EXISTS=pthread_create   -o CMakeFiles/cmTC_ce7a9.dir/CheckFunctionExists.c.o   -c /usr/share/cmake-3.10/Modules/CheckFunctionExists.c
Linking C executable cmTC_ce7a9
/usr/bin/cmake -E cmake_link_script CMakeFiles/cmTC_ce7a9.dir/link.txt --verbose=1
/usr/bin/c99-gcc  -DCHECK_FUNCTION_EXISTS=pthread_create    -rdynamic CMakeFiles/cmTC_ce7a9.dir/CheckFunctionExists.c.o  -o cmTC_ce7a9 -lpthreads 
/usr/bin/ld: cannot find -lpthreads
collect2: error: ld returned 1 exit status
CMakeFiles/cmTC_ce7a9.dir/build.make:97: recipe for target 'cmTC_ce7a9' failed
make[1]: *** [cmTC_ce7a9] Error 1
make[1]: Leaving directory '/home/vasutornj/catkin_ws/src/auvng_pressure_sensor/build/CMakeFiles/CMakeTmp'
Makefile:126: recipe for target 'cmTC_ce7a9/fast' failed
make: *** [cmTC_ce7a9/fast] Error 2


